[04-Oct-2025 09:55:12 Asia/Kolkata] Blocked redirect attempt to: student_dashboard.php
[04-Oct-2025 10:36:15 Asia/Kolkata] Blocked redirect attempt to: student_dashboard.php
[04-Oct-2025 10:36:19 Asia/Kolkata] Blocked redirect attempt to: student_dashboard.php
[04-Oct-2025 10:36:21 Asia/Kolkata] Blocked redirect attempt to: student_dashboard.php
[04-Oct-2025 10:36:22 Asia/Kolkata] Blocked redirect attempt to: student_dashboard.php
[04-Oct-2025 10:36:24 Asia/Kolkata] Blocked redirect attempt to: student_dashboard.php
[04-Oct-2025 10:36:26 Asia/Kolkata] Blocked redirect attempt to: student_dashboard.php
[04-Oct-2025 10:36:28 Asia/Kolkata] Blocked redirect attempt to: student_dashboard.php
[04-Oct-2025 11:23:06 Asia/Kolkata] PHP Fatal error:  Uncaught Error: Call to a member function bind_param() on bool in C:\xampp\htdocs\crossword_game\teacher\create_puzzle.php:36
Stack trace:
#0 {main}
  thrown in C:\xampp\htdocs\crossword_game\teacher\create_puzzle.php on line 36
[04-Oct-2025 11:31:03 Asia/Kolkata] Blocked redirect attempt to: view_result.php?puzzle=5
[04-Oct-2025 11:32:17 Asia/Kolkata] Blocked redirect attempt to: view_result.php?puzzle=5
[04-Oct-2025 11:32:20 Asia/Kolkata] Blocked redirect attempt to: view_result.php?puzzle=5
[04-Oct-2025 11:52:09 Asia/Kolkata] Blocked redirect attempt to: view_result.php?puzzle=5
[04-Oct-2025 11:52:12 Asia/Kolkata] Blocked redirect attempt to: view_result.php?puzzle=5
[04-Oct-2025 11:56:05 Asia/Kolkata] Registration log prepare failed: Unknown column 'user_type' in 'field list'
[04-Oct-2025 11:57:07 Asia/Kolkata] Blocked redirect attempt to: student_dashboard.php
[04-Oct-2025 11:57:07 Asia/Kolkata] Blocked redirect attempt to: student_dashboard.php
[04-Oct-2025 11:57:07 Asia/Kolkata] Blocked redirect attempt to: student_dashboard.php
[04-Oct-2025 11:57:07 Asia/Kolkata] Blocked redirect attempt to: student_dashboard.php
[04-Oct-2025 11:57:07 Asia/Kolkata] Blocked redirect attempt to: student_dashboard.php
[04-Oct-2025 11:57:07 Asia/Kolkata] Blocked redirect attempt to: student_dashboard.php
[04-Oct-2025 11:57:07 Asia/Kolkata] Blocked redirect attempt to: student_dashboard.php
[04-Oct-2025 11:57:07 Asia/Kolkata] Blocked redirect attempt to: student_dashboard.php
[04-Oct-2025 11:57:07 Asia/Kolkata] Blocked redirect attempt to: student_dashboard.php
[04-Oct-2025 11:57:07 Asia/Kolkata] Blocked redirect attempt to: student_dashboard.php
[04-Oct-2025 11:57:09 Asia/Kolkata] Blocked redirect attempt to: student_dashboard.php
[04-Oct-2025 11:57:09 Asia/Kolkata] Blocked redirect attempt to: student_dashboard.php
[04-Oct-2025 11:57:09 Asia/Kolkata] Blocked redirect attempt to: student_dashboard.php
[04-Oct-2025 11:57:09 Asia/Kolkata] Blocked redirect attempt to: student_dashboard.php
[04-Oct-2025 11:57:09 Asia/Kolkata] Blocked redirect attempt to: student_dashboard.php
[04-Oct-2025 11:57:09 Asia/Kolkata] Blocked redirect attempt to: student_dashboard.php
[04-Oct-2025 11:57:09 Asia/Kolkata] Blocked redirect attempt to: student_dashboard.php
[04-Oct-2025 11:57:09 Asia/Kolkata] Blocked redirect attempt to: student_dashboard.php
[04-Oct-2025 11:57:09 Asia/Kolkata] Blocked redirect attempt to: student_dashboard.php
[04-Oct-2025 11:57:09 Asia/Kolkata] Blocked redirect attempt to: student_dashboard.php
[04-Oct-2025 11:57:27 Asia/Kolkata] Blocked redirect attempt to: student_dashboard.php
[04-Oct-2025 11:57:27 Asia/Kolkata] Blocked redirect attempt to: student_dashboard.php
[04-Oct-2025 11:57:27 Asia/Kolkata] Blocked redirect attempt to: student_dashboard.php
[04-Oct-2025 11:57:27 Asia/Kolkata] Blocked redirect attempt to: student_dashboard.php
[04-Oct-2025 11:57:27 Asia/Kolkata] Blocked redirect attempt to: student_dashboard.php
[04-Oct-2025 11:57:27 Asia/Kolkata] Blocked redirect attempt to: student_dashboard.php
[04-Oct-2025 11:57:27 Asia/Kolkata] Blocked redirect attempt to: student_dashboard.php
[04-Oct-2025 11:57:27 Asia/Kolkata] Blocked redirect attempt to: student_dashboard.php
[04-Oct-2025 11:57:27 Asia/Kolkata] Blocked redirect attempt to: student_dashboard.php
[04-Oct-2025 11:57:27 Asia/Kolkata] Blocked redirect attempt to: student_dashboard.php
[04-Oct-2025 11:57:28 Asia/Kolkata] Blocked redirect attempt to: student_dashboard.php
[04-Oct-2025 11:57:28 Asia/Kolkata] Blocked redirect attempt to: student_dashboard.php
[04-Oct-2025 11:57:28 Asia/Kolkata] Blocked redirect attempt to: student_dashboard.php
[04-Oct-2025 11:57:28 Asia/Kolkata] Blocked redirect attempt to: student_dashboard.php
[04-Oct-2025 11:57:28 Asia/Kolkata] Blocked redirect attempt to: student_dashboard.php
[04-Oct-2025 11:57:28 Asia/Kolkata] Blocked redirect attempt to: student_dashboard.php
[04-Oct-2025 11:57:28 Asia/Kolkata] Blocked redirect attempt to: student_dashboard.php
[04-Oct-2025 11:57:28 Asia/Kolkata] Blocked redirect attempt to: student_dashboard.php
[04-Oct-2025 11:57:28 Asia/Kolkata] Blocked redirect attempt to: student_dashboard.php
[04-Oct-2025 11:57:28 Asia/Kolkata] Blocked redirect attempt to: student_dashboard.php
[04-Oct-2025 11:58:35 Asia/Kolkata] Blocked redirect attempt to: student_dashboard.php
[04-Oct-2025 12:04:40 Asia/Kolkata] Registration log prepare failed: Unknown column 'user_type' in 'field list'
[04-Oct-2025 12:05:18 Asia/Kolkata] Blocked redirect attempt to: student_dashboard.php
[04-Oct-2025 12:13:28 Asia/Kolkata] Blocked redirect attempt to: student_dashboard.php
[04-Oct-2025 12:17:35 Asia/Kolkata] Blocked redirect attempt to: view_result.php?puzzle=5
[04-Oct-2025 12:17:38 Asia/Kolkata] Blocked redirect attempt to: view_result.php?puzzle=5
[04-Oct-2025 12:17:45 Asia/Kolkata] Blocked redirect attempt to: view_result.php?puzzle=5
[04-Oct-2025 12:22:12 Asia/Kolkata] Blocked redirect attempt to: student_dashboard.php
[04-Oct-2025 12:25:45 Asia/Kolkata] PHP Fatal error:  Uncaught Error: Call to a member function bind_param() on bool in C:\xampp\htdocs\crossword_game\student\play_puzzle.php:22
Stack trace:
#0 {main}
  thrown in C:\xampp\htdocs\crossword_game\student\play_puzzle.php on line 22
[04-Oct-2025 12:26:07 Asia/Kolkata] PHP Fatal error:  Uncaught Error: Call to a member function bind_param() on bool in C:\xampp\htdocs\crossword_game\student\play_puzzle.php:22
Stack trace:
#0 {main}
  thrown in C:\xampp\htdocs\crossword_game\student\play_puzzle.php on line 22
[04-Oct-2025 17:31:35 Asia/Kolkata] Blocked redirect attempt to: view_result.php?puzzle=5
[04-Oct-2025 17:32:13 Asia/Kolkata] Blocked redirect attempt to: view_result.php?puzzle=5
[04-Oct-2025 17:39:20 Asia/Kolkata] Blocked redirect attempt to: view_result.php?puzzle=5
[04-Oct-2025 17:41:47 Asia/Kolkata] PHP Fatal error:  Uncaught TypeError: count(): Argument #1 ($value) must be of type Countable|array, null given in C:\xampp\htdocs\crossword_game\student\auto_submit_puzzle.php:57
Stack trace:
#0 {main}
  thrown in C:\xampp\htdocs\crossword_game\student\auto_submit_puzzle.php on line 57
[04-Oct-2025 17:41:54 Asia/Kolkata] PHP Fatal error:  Uncaught TypeError: count(): Argument #1 ($value) must be of type Countable|array, null given in C:\xampp\htdocs\crossword_game\student\auto_submit_puzzle.php:57
Stack trace:
#0 {main}
  thrown in C:\xampp\htdocs\crossword_game\student\auto_submit_puzzle.php on line 57
[04-Oct-2025 17:42:05 Asia/Kolkata] PHP Fatal error:  Uncaught TypeError: count(): Argument #1 ($value) must be of type Countable|array, null given in C:\xampp\htdocs\crossword_game\student\auto_submit_puzzle.php:57
Stack trace:
#0 {main}
  thrown in C:\xampp\htdocs\crossword_game\student\auto_submit_puzzle.php on line 57
[04-Oct-2025 17:42:09 Asia/Kolkata] PHP Fatal error:  Uncaught TypeError: count(): Argument #1 ($value) must be of type Countable|array, null given in C:\xampp\htdocs\crossword_game\student\auto_submit_puzzle.php:57
Stack trace:
#0 {main}
  thrown in C:\xampp\htdocs\crossword_game\student\auto_submit_puzzle.php on line 57
[04-Oct-2025 17:42:11 Asia/Kolkata] PHP Fatal error:  Uncaught TypeError: count(): Argument #1 ($value) must be of type Countable|array, null given in C:\xampp\htdocs\crossword_game\student\auto_submit_puzzle.php:57
Stack trace:
#0 {main}
  thrown in C:\xampp\htdocs\crossword_game\student\auto_submit_puzzle.php on line 57
[04-Oct-2025 17:42:13 Asia/Kolkata] PHP Fatal error:  Uncaught TypeError: count(): Argument #1 ($value) must be of type Countable|array, null given in C:\xampp\htdocs\crossword_game\student\auto_submit_puzzle.php:57
Stack trace:
#0 {main}
  thrown in C:\xampp\htdocs\crossword_game\student\auto_submit_puzzle.php on line 57
[04-Oct-2025 17:42:15 Asia/Kolkata] PHP Fatal error:  Uncaught TypeError: count(): Argument #1 ($value) must be of type Countable|array, null given in C:\xampp\htdocs\crossword_game\student\auto_submit_puzzle.php:57
Stack trace:
#0 {main}
  thrown in C:\xampp\htdocs\crossword_game\student\auto_submit_puzzle.php on line 57
[04-Oct-2025 17:42:16 Asia/Kolkata] PHP Fatal error:  Uncaught TypeError: count(): Argument #1 ($value) must be of type Countable|array, null given in C:\xampp\htdocs\crossword_game\student\auto_submit_puzzle.php:57
Stack trace:
#0 {main}
  thrown in C:\xampp\htdocs\crossword_game\student\auto_submit_puzzle.php on line 57
[04-Oct-2025 17:42:22 Asia/Kolkata] PHP Fatal error:  Uncaught TypeError: count(): Argument #1 ($value) must be of type Countable|array, null given in C:\xampp\htdocs\crossword_game\student\auto_submit_puzzle.php:57
Stack trace:
#0 {main}
  thrown in C:\xampp\htdocs\crossword_game\student\auto_submit_puzzle.php on line 57
[04-Oct-2025 17:43:27 Asia/Kolkata] PHP Fatal error:  Uncaught TypeError: count(): Argument #1 ($value) must be of type Countable|array, null given in C:\xampp\htdocs\crossword_game\student\auto_submit_puzzle.php:57
Stack trace:
#0 {main}
  thrown in C:\xampp\htdocs\crossword_game\student\auto_submit_puzzle.php on line 57
[04-Oct-2025 17:43:29 Asia/Kolkata] PHP Fatal error:  Uncaught TypeError: count(): Argument #1 ($value) must be of type Countable|array, null given in C:\xampp\htdocs\crossword_game\student\auto_submit_puzzle.php:57
Stack trace:
#0 {main}
  thrown in C:\xampp\htdocs\crossword_game\student\auto_submit_puzzle.php on line 57
[04-Oct-2025 17:43:31 Asia/Kolkata] PHP Fatal error:  Uncaught TypeError: count(): Argument #1 ($value) must be of type Countable|array, null given in C:\xampp\htdocs\crossword_game\student\auto_submit_puzzle.php:57
Stack trace:
#0 {main}
  thrown in C:\xampp\htdocs\crossword_game\student\auto_submit_puzzle.php on line 57
[04-Oct-2025 17:43:38 Asia/Kolkata] PHP Fatal error:  Uncaught TypeError: count(): Argument #1 ($value) must be of type Countable|array, null given in C:\xampp\htdocs\crossword_game\student\auto_submit_puzzle.php:57
Stack trace:
#0 {main}
  thrown in C:\xampp\htdocs\crossword_game\student\auto_submit_puzzle.php on line 57
[04-Oct-2025 17:43:46 Asia/Kolkata] PHP Fatal error:  Uncaught TypeError: count(): Argument #1 ($value) must be of type Countable|array, null given in C:\xampp\htdocs\crossword_game\student\auto_submit_puzzle.php:57
Stack trace:
#0 {main}
  thrown in C:\xampp\htdocs\crossword_game\student\auto_submit_puzzle.php on line 57
[04-Oct-2025 18:10:26 Asia/Kolkata] PHP Fatal error:  Uncaught TypeError: count(): Argument #1 ($value) must be of type Countable|array, null given in C:\xampp\htdocs\crossword_game\student\auto_submit_puzzle.php:57
Stack trace:
#0 {main}
  thrown in C:\xampp\htdocs\crossword_game\student\auto_submit_puzzle.php on line 57
[04-Oct-2025 18:10:36 Asia/Kolkata] PHP Fatal error:  Uncaught TypeError: count(): Argument #1 ($value) must be of type Countable|array, null given in C:\xampp\htdocs\crossword_game\student\auto_submit_puzzle.php:57
Stack trace:
#0 {main}
  thrown in C:\xampp\htdocs\crossword_game\student\auto_submit_puzzle.php on line 57
[04-Oct-2025 18:10:46 Asia/Kolkata] PHP Fatal error:  Uncaught TypeError: count(): Argument #1 ($value) must be of type Countable|array, null given in C:\xampp\htdocs\crossword_game\student\auto_submit_puzzle.php:57
Stack trace:
#0 {main}
  thrown in C:\xampp\htdocs\crossword_game\student\auto_submit_puzzle.php on line 57
[04-Oct-2025 18:10:56 Asia/Kolkata] PHP Fatal error:  Uncaught TypeError: count(): Argument #1 ($value) must be of type Countable|array, null given in C:\xampp\htdocs\crossword_game\student\auto_submit_puzzle.php:57
Stack trace:
#0 {main}
  thrown in C:\xampp\htdocs\crossword_game\student\auto_submit_puzzle.php on line 57
[04-Oct-2025 18:12:49 Asia/Kolkata] PHP Fatal error:  Uncaught TypeError: count(): Argument #1 ($value) must be of type Countable|array, null given in C:\xampp\htdocs\crossword_game\student\auto_submit_puzzle.php:57
Stack trace:
#0 {main}
  thrown in C:\xampp\htdocs\crossword_game\student\auto_submit_puzzle.php on line 57
[04-Oct-2025 18:12:56 Asia/Kolkata] PHP Fatal error:  Uncaught TypeError: count(): Argument #1 ($value) must be of type Countable|array, null given in C:\xampp\htdocs\crossword_game\student\auto_submit_puzzle.php:57
Stack trace:
#0 {main}
  thrown in C:\xampp\htdocs\crossword_game\student\auto_submit_puzzle.php on line 57
[04-Oct-2025 18:12:59 Asia/Kolkata] PHP Fatal error:  Uncaught TypeError: count(): Argument #1 ($value) must be of type Countable|array, null given in C:\xampp\htdocs\crossword_game\student\auto_submit_puzzle.php:57
Stack trace:
#0 {main}
  thrown in C:\xampp\htdocs\crossword_game\student\auto_submit_puzzle.php on line 57
[04-Oct-2025 18:16:20 Asia/Kolkata] PHP Fatal error:  Uncaught TypeError: count(): Argument #1 ($value) must be of type Countable|array, null given in C:\xampp\htdocs\crossword_game\student\auto_submit_puzzle.php:57
Stack trace:
#0 {main}
  thrown in C:\xampp\htdocs\crossword_game\student\auto_submit_puzzle.php on line 57
[04-Oct-2025 18:16:30 Asia/Kolkata] PHP Fatal error:  Uncaught TypeError: count(): Argument #1 ($value) must be of type Countable|array, null given in C:\xampp\htdocs\crossword_game\student\auto_submit_puzzle.php:57
Stack trace:
#0 {main}
  thrown in C:\xampp\htdocs\crossword_game\student\auto_submit_puzzle.php on line 57
[04-Oct-2025 18:16:40 Asia/Kolkata] PHP Fatal error:  Uncaught TypeError: count(): Argument #1 ($value) must be of type Countable|array, null given in C:\xampp\htdocs\crossword_game\student\auto_submit_puzzle.php:57
Stack trace:
#0 {main}
  thrown in C:\xampp\htdocs\crossword_game\student\auto_submit_puzzle.php on line 57
[04-Oct-2025 18:16:44 Asia/Kolkata] PHP Fatal error:  Uncaught TypeError: count(): Argument #1 ($value) must be of type Countable|array, null given in C:\xampp\htdocs\crossword_game\student\auto_submit_puzzle.php:57
Stack trace:
#0 {main}
  thrown in C:\xampp\htdocs\crossword_game\student\auto_submit_puzzle.php on line 57
[04-Oct-2025 18:16:46 Asia/Kolkata] PHP Fatal error:  Uncaught TypeError: count(): Argument #1 ($value) must be of type Countable|array, null given in C:\xampp\htdocs\crossword_game\student\auto_submit_puzzle.php:57
Stack trace:
#0 {main}
  thrown in C:\xampp\htdocs\crossword_game\student\auto_submit_puzzle.php on line 57
[04-Oct-2025 18:16:49 Asia/Kolkata] PHP Fatal error:  Uncaught TypeError: count(): Argument #1 ($value) must be of type Countable|array, null given in C:\xampp\htdocs\crossword_game\student\auto_submit_puzzle.php:57
Stack trace:
#0 {main}
  thrown in C:\xampp\htdocs\crossword_game\student\auto_submit_puzzle.php on line 57
[04-Oct-2025 18:17:21 Asia/Kolkata] PHP Fatal error:  Uncaught TypeError: count(): Argument #1 ($value) must be of type Countable|array, null given in C:\xampp\htdocs\crossword_game\student\auto_submit_puzzle.php:57
Stack trace:
#0 {main}
  thrown in C:\xampp\htdocs\crossword_game\student\auto_submit_puzzle.php on line 57
[04-Oct-2025 18:18:12 Asia/Kolkata] PHP Fatal error:  Uncaught TypeError: count(): Argument #1 ($value) must be of type Countable|array, null given in C:\xampp\htdocs\crossword_game\student\auto_submit_puzzle.php:57
Stack trace:
#0 {main}
  thrown in C:\xampp\htdocs\crossword_game\student\auto_submit_puzzle.php on line 57
[04-Oct-2025 18:18:32 Asia/Kolkata] PHP Fatal error:  Uncaught TypeError: count(): Argument #1 ($value) must be of type Countable|array, null given in C:\xampp\htdocs\crossword_game\student\auto_submit_puzzle.php:57
Stack trace:
#0 {main}
  thrown in C:\xampp\htdocs\crossword_game\student\auto_submit_puzzle.php on line 57
[04-Oct-2025 18:18:35 Asia/Kolkata] PHP Fatal error:  Uncaught TypeError: count(): Argument #1 ($value) must be of type Countable|array, null given in C:\xampp\htdocs\crossword_game\student\auto_submit_puzzle.php:57
Stack trace:
#0 {main}
  thrown in C:\xampp\htdocs\crossword_game\student\auto_submit_puzzle.php on line 57
[04-Oct-2025 18:22:56 Asia/Kolkata] PHP Fatal error:  Uncaught TypeError: count(): Argument #1 ($value) must be of type Countable|array, null given in C:\xampp\htdocs\crossword_game\student\auto_submit_puzzle.php:57
Stack trace:
#0 {main}
  thrown in C:\xampp\htdocs\crossword_game\student\auto_submit_puzzle.php on line 57
[04-Oct-2025 18:23:13 Asia/Kolkata] PHP Fatal error:  Uncaught TypeError: count(): Argument #1 ($value) must be of type Countable|array, null given in C:\xampp\htdocs\crossword_game\student\auto_submit_puzzle.php:57
Stack trace:
#0 {main}
  thrown in C:\xampp\htdocs\crossword_game\student\auto_submit_puzzle.php on line 57
[04-Oct-2025 18:23:20 Asia/Kolkata] PHP Fatal error:  Uncaught TypeError: count(): Argument #1 ($value) must be of type Countable|array, null given in C:\xampp\htdocs\crossword_game\student\auto_submit_puzzle.php:57
Stack trace:
#0 {main}
  thrown in C:\xampp\htdocs\crossword_game\student\auto_submit_puzzle.php on line 57
[04-Oct-2025 18:24:22 Asia/Kolkata] PHP Fatal error:  Uncaught TypeError: count(): Argument #1 ($value) must be of type Countable|array, null given in C:\xampp\htdocs\crossword_game\student\auto_submit_puzzle.php:57
Stack trace:
#0 {main}
  thrown in C:\xampp\htdocs\crossword_game\student\auto_submit_puzzle.php on line 57
[04-Oct-2025 18:27:05 Asia/Kolkata] PHP Fatal error:  Uncaught TypeError: count(): Argument #1 ($value) must be of type Countable|array, null given in C:\xampp\htdocs\crossword_game\student\auto_submit_puzzle.php:57
Stack trace:
#0 {main}
  thrown in C:\xampp\htdocs\crossword_game\student\auto_submit_puzzle.php on line 57
[04-Oct-2025 18:27:20 Asia/Kolkata] PHP Fatal error:  Uncaught TypeError: count(): Argument #1 ($value) must be of type Countable|array, null given in C:\xampp\htdocs\crossword_game\student\auto_submit_puzzle.php:57
Stack trace:
#0 {main}
  thrown in C:\xampp\htdocs\crossword_game\student\auto_submit_puzzle.php on line 57
[04-Oct-2025 18:27:29 Asia/Kolkata] PHP Fatal error:  Uncaught TypeError: count(): Argument #1 ($value) must be of type Countable|array, null given in C:\xampp\htdocs\crossword_game\student\auto_submit_puzzle.php:57
Stack trace:
#0 {main}
  thrown in C:\xampp\htdocs\crossword_game\student\auto_submit_puzzle.php on line 57
[04-Oct-2025 18:29:20 Asia/Kolkata] PHP Fatal error:  Uncaught TypeError: count(): Argument #1 ($value) must be of type Countable|array, null given in C:\xampp\htdocs\crossword_game\student\auto_submit_puzzle.php:57
Stack trace:
#0 {main}
  thrown in C:\xampp\htdocs\crossword_game\student\auto_submit_puzzle.php on line 57
[04-Oct-2025 18:29:31 Asia/Kolkata] PHP Fatal error:  Uncaught TypeError: count(): Argument #1 ($value) must be of type Countable|array, null given in C:\xampp\htdocs\crossword_game\student\auto_submit_puzzle.php:57
Stack trace:
#0 {main}
  thrown in C:\xampp\htdocs\crossword_game\student\auto_submit_puzzle.php on line 57
[04-Oct-2025 18:29:40 Asia/Kolkata] PHP Fatal error:  Uncaught TypeError: count(): Argument #1 ($value) must be of type Countable|array, null given in C:\xampp\htdocs\crossword_game\student\auto_submit_puzzle.php:57
Stack trace:
#0 {main}
  thrown in C:\xampp\htdocs\crossword_game\student\auto_submit_puzzle.php on line 57
[04-Oct-2025 18:32:37 Asia/Kolkata] PHP Fatal error:  Uncaught TypeError: count(): Argument #1 ($value) must be of type Countable|array, null given in C:\xampp\htdocs\crossword_game\student\auto_submit_puzzle.php:57
Stack trace:
#0 {main}
  thrown in C:\xampp\htdocs\crossword_game\student\auto_submit_puzzle.php on line 57
[04-Oct-2025 18:32:42 Asia/Kolkata] PHP Fatal error:  Uncaught TypeError: count(): Argument #1 ($value) must be of type Countable|array, null given in C:\xampp\htdocs\crossword_game\student\auto_submit_puzzle.php:57
Stack trace:
#0 {main}
  thrown in C:\xampp\htdocs\crossword_game\student\auto_submit_puzzle.php on line 57
[04-Oct-2025 18:32:47 Asia/Kolkata] PHP Fatal error:  Uncaught TypeError: count(): Argument #1 ($value) must be of type Countable|array, null given in C:\xampp\htdocs\crossword_game\student\auto_submit_puzzle.php:57
Stack trace:
#0 {main}
  thrown in C:\xampp\htdocs\crossword_game\student\auto_submit_puzzle.php on line 57
[04-Oct-2025 18:32:52 Asia/Kolkata] PHP Fatal error:  Uncaught TypeError: count(): Argument #1 ($value) must be of type Countable|array, null given in C:\xampp\htdocs\crossword_game\student\auto_submit_puzzle.php:57
Stack trace:
#0 {main}
  thrown in C:\xampp\htdocs\crossword_game\student\auto_submit_puzzle.php on line 57
[04-Oct-2025 18:32:56 Asia/Kolkata] PHP Fatal error:  Uncaught TypeError: count(): Argument #1 ($value) must be of type Countable|array, null given in C:\xampp\htdocs\crossword_game\student\auto_submit_puzzle.php:57
Stack trace:
#0 {main}
  thrown in C:\xampp\htdocs\crossword_game\student\auto_submit_puzzle.php on line 57
[04-Oct-2025 18:37:31 Asia/Kolkata] PHP Fatal error:  Uncaught TypeError: count(): Argument #1 ($value) must be of type Countable|array, null given in C:\xampp\htdocs\crossword_game\student\auto_submit_puzzle.php:57
Stack trace:
#0 {main}
  thrown in C:\xampp\htdocs\crossword_game\student\auto_submit_puzzle.php on line 57
[04-Oct-2025 18:37:44 Asia/Kolkata] PHP Fatal error:  Uncaught TypeError: count(): Argument #1 ($value) must be of type Countable|array, null given in C:\xampp\htdocs\crossword_game\student\auto_submit_puzzle.php:57
Stack trace:
#0 {main}
  thrown in C:\xampp\htdocs\crossword_game\student\auto_submit_puzzle.php on line 57
[04-Oct-2025 18:38:16 Asia/Kolkata] PHP Fatal error:  Uncaught TypeError: count(): Argument #1 ($value) must be of type Countable|array, null given in C:\xampp\htdocs\crossword_game\student\auto_submit_puzzle.php:57
Stack trace:
#0 {main}
  thrown in C:\xampp\htdocs\crossword_game\student\auto_submit_puzzle.php on line 57
[04-Oct-2025 18:39:06 Asia/Kolkata] PHP Fatal error:  Uncaught TypeError: count(): Argument #1 ($value) must be of type Countable|array, null given in C:\xampp\htdocs\crossword_game\student\auto_submit_puzzle.php:57
Stack trace:
#0 {main}
  thrown in C:\xampp\htdocs\crossword_game\student\auto_submit_puzzle.php on line 57
[04-Oct-2025 18:39:13 Asia/Kolkata] PHP Fatal error:  Uncaught TypeError: count(): Argument #1 ($value) must be of type Countable|array, null given in C:\xampp\htdocs\crossword_game\student\auto_submit_puzzle.php:57
Stack trace:
#0 {main}
  thrown in C:\xampp\htdocs\crossword_game\student\auto_submit_puzzle.php on line 57
[04-Oct-2025 18:39:41 Asia/Kolkata] PHP Fatal error:  Uncaught TypeError: count(): Argument #1 ($value) must be of type Countable|array, null given in C:\xampp\htdocs\crossword_game\student\auto_submit_puzzle.php:57
Stack trace:
#0 {main}
  thrown in C:\xampp\htdocs\crossword_game\student\auto_submit_puzzle.php on line 57
[04-Oct-2025 18:39:47 Asia/Kolkata] PHP Fatal error:  Uncaught TypeError: count(): Argument #1 ($value) must be of type Countable|array, null given in C:\xampp\htdocs\crossword_game\student\auto_submit_puzzle.php:57
Stack trace:
#0 {main}
  thrown in C:\xampp\htdocs\crossword_game\student\auto_submit_puzzle.php on line 57
[04-Oct-2025 18:40:31 Asia/Kolkata] PHP Fatal error:  Uncaught TypeError: count(): Argument #1 ($value) must be of type Countable|array, null given in C:\xampp\htdocs\crossword_game\student\auto_submit_puzzle.php:57
Stack trace:
#0 {main}
  thrown in C:\xampp\htdocs\crossword_game\student\auto_submit_puzzle.php on line 57
[04-Oct-2025 18:40:36 Asia/Kolkata] PHP Fatal error:  Uncaught TypeError: count(): Argument #1 ($value) must be of type Countable|array, null given in C:\xampp\htdocs\crossword_game\student\auto_submit_puzzle.php:57
Stack trace:
#0 {main}
  thrown in C:\xampp\htdocs\crossword_game\student\auto_submit_puzzle.php on line 57
[04-Oct-2025 18:41:15 Asia/Kolkata] Blocked redirect attempt to: view_result.php?puzzle=5
[04-Oct-2025 18:44:11 Asia/Kolkata] Registration log prepare failed: Unknown column 'user_type' in 'field list'
[04-Oct-2025 18:44:41 Asia/Kolkata] Blocked redirect attempt to: view_result.php?puzzle=5
[04-Oct-2025 18:45:04 Asia/Kolkata] PHP Fatal error:  Uncaught TypeError: count(): Argument #1 ($value) must be of type Countable|array, null given in C:\xampp\htdocs\crossword_game\student\auto_submit_puzzle.php:57
Stack trace:
#0 {main}
  thrown in C:\xampp\htdocs\crossword_game\student\auto_submit_puzzle.php on line 57
[04-Oct-2025 18:45:12 Asia/Kolkata] PHP Fatal error:  Uncaught TypeError: count(): Argument #1 ($value) must be of type Countable|array, null given in C:\xampp\htdocs\crossword_game\student\auto_submit_puzzle.php:57
Stack trace:
#0 {main}
  thrown in C:\xampp\htdocs\crossword_game\student\auto_submit_puzzle.php on line 57
[04-Oct-2025 18:45:15 Asia/Kolkata] PHP Fatal error:  Uncaught TypeError: count(): Argument #1 ($value) must be of type Countable|array, null given in C:\xampp\htdocs\crossword_game\student\auto_submit_puzzle.php:57
Stack trace:
#0 {main}
  thrown in C:\xampp\htdocs\crossword_game\student\auto_submit_puzzle.php on line 57
[04-Oct-2025 18:45:22 Asia/Kolkata] PHP Fatal error:  Uncaught TypeError: count(): Argument #1 ($value) must be of type Countable|array, null given in C:\xampp\htdocs\crossword_game\student\auto_submit_puzzle.php:57
Stack trace:
#0 {main}
  thrown in C:\xampp\htdocs\crossword_game\student\auto_submit_puzzle.php on line 57
[04-Oct-2025 18:45:30 Asia/Kolkata] PHP Fatal error:  Uncaught TypeError: count(): Argument #1 ($value) must be of type Countable|array, null given in C:\xampp\htdocs\crossword_game\student\auto_submit_puzzle.php:57
Stack trace:
#0 {main}
  thrown in C:\xampp\htdocs\crossword_game\student\auto_submit_puzzle.php on line 57
[04-Oct-2025 18:45:36 Asia/Kolkata] PHP Fatal error:  Uncaught TypeError: count(): Argument #1 ($value) must be of type Countable|array, null given in C:\xampp\htdocs\crossword_game\student\auto_submit_puzzle.php:57
Stack trace:
#0 {main}
  thrown in C:\xampp\htdocs\crossword_game\student\auto_submit_puzzle.php on line 57
[04-Oct-2025 18:45:43 Asia/Kolkata] PHP Fatal error:  Uncaught TypeError: count(): Argument #1 ($value) must be of type Countable|array, null given in C:\xampp\htdocs\crossword_game\student\auto_submit_puzzle.php:57
Stack trace:
#0 {main}
  thrown in C:\xampp\htdocs\crossword_game\student\auto_submit_puzzle.php on line 57
[04-Oct-2025 18:45:47 Asia/Kolkata] PHP Fatal error:  Uncaught TypeError: count(): Argument #1 ($value) must be of type Countable|array, null given in C:\xampp\htdocs\crossword_game\student\auto_submit_puzzle.php:57
Stack trace:
#0 {main}
  thrown in C:\xampp\htdocs\crossword_game\student\auto_submit_puzzle.php on line 57
[04-Oct-2025 18:49:34 Asia/Kolkata] PHP Fatal error:  Uncaught TypeError: count(): Argument #1 ($value) must be of type Countable|array, null given in C:\xampp\htdocs\crossword_game\student\auto_submit_puzzle.php:57
Stack trace:
#0 {main}
  thrown in C:\xampp\htdocs\crossword_game\student\auto_submit_puzzle.php on line 57
[04-Oct-2025 18:49:37 Asia/Kolkata] PHP Fatal error:  Uncaught TypeError: count(): Argument #1 ($value) must be of type Countable|array, null given in C:\xampp\htdocs\crossword_game\student\auto_submit_puzzle.php:57
Stack trace:
#0 {main}
  thrown in C:\xampp\htdocs\crossword_game\student\auto_submit_puzzle.php on line 57
[04-Oct-2025 18:49:55 Asia/Kolkata] PHP Fatal error:  Uncaught TypeError: count(): Argument #1 ($value) must be of type Countable|array, null given in C:\xampp\htdocs\crossword_game\student\auto_submit_puzzle.php:57
Stack trace:
#0 {main}
  thrown in C:\xampp\htdocs\crossword_game\student\auto_submit_puzzle.php on line 57
[04-Oct-2025 18:49:58 Asia/Kolkata] PHP Fatal error:  Uncaught TypeError: count(): Argument #1 ($value) must be of type Countable|array, null given in C:\xampp\htdocs\crossword_game\student\auto_submit_puzzle.php:57
Stack trace:
#0 {main}
  thrown in C:\xampp\htdocs\crossword_game\student\auto_submit_puzzle.php on line 57
[04-Oct-2025 18:50:12 Asia/Kolkata] PHP Fatal error:  Uncaught TypeError: count(): Argument #1 ($value) must be of type Countable|array, null given in C:\xampp\htdocs\crossword_game\student\auto_submit_puzzle.php:57
Stack trace:
#0 {main}
  thrown in C:\xampp\htdocs\crossword_game\student\auto_submit_puzzle.php on line 57
[04-Oct-2025 19:48:00 Asia/Kolkata] Blocked redirect attempt to: view_result.php?puzzle=6
[04-Oct-2025 21:53:10 Asia/Kolkata] PHP Fatal error:  Uncaught TypeError: count(): Argument #1 ($value) must be of type Countable|array, null given in C:\xampp\htdocs\crossword_game\student\auto_submit_puzzle.php:57
Stack trace:
#0 {main}
  thrown in C:\xampp\htdocs\crossword_game\student\auto_submit_puzzle.php on line 57
[04-Oct-2025 21:53:13 Asia/Kolkata] PHP Fatal error:  Uncaught TypeError: count(): Argument #1 ($value) must be of type Countable|array, null given in C:\xampp\htdocs\crossword_game\student\auto_submit_puzzle.php:57
Stack trace:
#0 {main}
  thrown in C:\xampp\htdocs\crossword_game\student\auto_submit_puzzle.php on line 57
[04-Oct-2025 21:53:26 Asia/Kolkata] PHP Fatal error:  Uncaught TypeError: count(): Argument #1 ($value) must be of type Countable|array, null given in C:\xampp\htdocs\crossword_game\student\auto_submit_puzzle.php:57
Stack trace:
#0 {main}
  thrown in C:\xampp\htdocs\crossword_game\student\auto_submit_puzzle.php on line 57
[05-Oct-2025 14:14:19 Asia/Kolkata] PHP Fatal error:  Uncaught ArgumentCountError: strcasecmp() expects exactly 2 arguments, 1 given in C:\xampp\htdocs\crossword_game\teacher\teacher_dashboard.php:87
Stack trace:
#0 C:\xampp\htdocs\crossword_game\teacher\teacher_dashboard.php(87): strcasecmp('raj')
#1 {main}
  thrown in C:\xampp\htdocs\crossword_game\teacher\teacher_dashboard.php on line 87
[05-Oct-2025 18:04:27 Asia/Kolkata] Registration log prepare failed: Unknown column 'user_type' in 'field list'
[05-Oct-2025 18:25:22 Asia/Kolkata] PHP Warning:  Undefined array key "csrf_token" in C:\xampp\htdocs\crossword_game\auth\teacher_login.php on line 29
[05-Oct-2025 18:25:29 Asia/Kolkata] PHP Warning:  Undefined array key "csrf_token" in C:\xampp\htdocs\crossword_game\auth\teacher_login.php on line 29
[05-Oct-2025 18:25:32 Asia/Kolkata] PHP Warning:  Undefined array key "csrf_token" in C:\xampp\htdocs\crossword_game\auth\teacher_login.php on line 29
[05-Oct-2025 18:25:42 Asia/Kolkata] PHP Warning:  Undefined array key "csrf_token" in C:\xampp\htdocs\crossword_game\auth\teacher_login.php on line 29
[05-Oct-2025 18:25:48 Asia/Kolkata] PHP Warning:  Undefined array key "csrf_token" in C:\xampp\htdocs\crossword_game\auth\teacher_login.php on line 29
[05-Oct-2025 18:48:36 Asia/Kolkata] PHP Fatal error:  Uncaught TypeError: count(): Argument #1 ($value) must be of type Countable|array, null given in C:\xampp\htdocs\crossword_game\student\auto_submit_puzzle.php:57
Stack trace:
#0 {main}
  thrown in C:\xampp\htdocs\crossword_game\student\auto_submit_puzzle.php on line 57
[05-Oct-2025 18:48:43 Asia/Kolkata] PHP Fatal error:  Uncaught TypeError: count(): Argument #1 ($value) must be of type Countable|array, null given in C:\xampp\htdocs\crossword_game\student\auto_submit_puzzle.php:57
Stack trace:
#0 {main}
  thrown in C:\xampp\htdocs\crossword_game\student\auto_submit_puzzle.php on line 57
[05-Oct-2025 18:48:49 Asia/Kolkata] PHP Fatal error:  Uncaught TypeError: count(): Argument #1 ($value) must be of type Countable|array, null given in C:\xampp\htdocs\crossword_game\student\auto_submit_puzzle.php:57
Stack trace:
#0 {main}
  thrown in C:\xampp\htdocs\crossword_game\student\auto_submit_puzzle.php on line 57
[05-Oct-2025 18:48:53 Asia/Kolkata] PHP Fatal error:  Uncaught TypeError: count(): Argument #1 ($value) must be of type Countable|array, null given in C:\xampp\htdocs\crossword_game\student\auto_submit_puzzle.php:57
Stack trace:
#0 {main}
  thrown in C:\xampp\htdocs\crossword_game\student\auto_submit_puzzle.php on line 57
[05-Oct-2025 18:49:30 Asia/Kolkata] PHP Fatal error:  Uncaught TypeError: count(): Argument #1 ($value) must be of type Countable|array, null given in C:\xampp\htdocs\crossword_game\student\auto_submit_puzzle.php:57
Stack trace:
#0 {main}
  thrown in C:\xampp\htdocs\crossword_game\student\auto_submit_puzzle.php on line 57
[05-Oct-2025 19:07:14 Asia/Kolkata] Blocked redirect attempt to: view_result.php?puzzle=7
